Running: C:\Xilinx\14.7\ISE_DS\ISE\bin\nt64\unwrapped\fuse.exe -intstyle ise -incremental -lib secureip -o D:/Study/AUT/Term6/AZ Logical/Homework1and2/DecoderBCDto7/TB_Decoder_isim_beh.exe -prj D:/Study/AUT/Term6/AZ Logical/Homework1and2/DecoderBCDto7/TB_Decoder_beh.prj work.TB_Decoder 
ISim P.20131013 (signature 0x7708f090)
Number of CPUs detected in this system: 4
Turning on mult-threading, number of parallel sub-compilation jobs: 8 
Determining compilation order of HDL files
Parsing VHDL file "D:/Study/AUT/Term6/AZ Logical/Homework1and2/DecoderBCDto7/Decoder.vhd" into library work
Parsing VHDL file "D:/Study/AUT/Term6/AZ Logical/Homework1and2/DecoderBCDto7/TB_Decoder.vhd" into library work
Starting static elaboration
Completed static elaboration
Compiling package standard
Compiling package std_logic_1164
Compiling package numeric_std
Compiling architecture behavioral of entity Decoder [decoder_default]
Compiling architecture behavior of entity tb_decoder
Time Resolution for simulation is 1ps.
Waiting for 1 sub-compilation(s) to finish...
Compiled 6 VHDL Units
Built simulation executable D:/Study/AUT/Term6/AZ Logical/Homework1and2/DecoderBCDto7/TB_Decoder_isim_beh.exe
Fuse Memory Usage: 35804 KB
Fuse CPU Usage: 796 ms
